Arguments: 
  C:\Program Files\nodejs\node.exe C:\Users\yuchu\AppData\Roaming\npm\node_modules\yarn\bin\yarn.js add pupeteer

PATH: 
  C:\Program Files\Git\mingw64\bin;C:\Program Files\Git\usr\bin;C:\Users\yuchu\bin;C:\Program Files (x86)\Common Files\Oracle\Java\javapath;C:\Windows\system32;C:\Windows;C:\Windows\System32\Wbem;C:\Windows\System32\WindowsPowerShell\v1.0;C:\Windows\System32\OpenSSH;C:\Program Files\Java\jdk1.8.0_211\bin;C:\Program Files\Java\jdk1.8.0_211\jre\bin;C:\Program Files\MongoDB\Server\3.4\bin;C:\Program Files\nodejs;C:\ProgramData\chocolatey\bin;C:\Program Files\TortoiseSVN\bin;C:\Program Files\Git\cmd;C:\Program Files\Intel\WiFi\bin;C:\Program Files\Common Files\Intel\WirelessCommon;C:\Program Files\nginx;C:\Program Files\MySQL\MySQL Utilities 1.6;C:\Program Files (x86)\python\Scripts;C:\Program Files (x86)\python;C:\Program Files (x86)\Subversion\bin;C:\Program Files\MySQL\MySQL Server 5.7\bin;C:\Program Files (x86)\NVIDIA Corporation\PhysX\Common;C:\Program Files\NVIDIA Corporation\NVIDIA NvDLISR;C:\Users\yuchu\AppData\Local\Android\Sdk\platform-tools;C:\Users\yuchu\AppData\Local\Android\Sdk\emulator;C:\Users\yuchu\AppData\Local\Android\Sdk\tools;C:\Users\yuchu\AppData\Local\Android\Sdk\tools\bin;C:\Users\yuchu\AppData\Local\Yarn\bin;C:\WINDOWS\system32;C:\WINDOWS;C:\WINDOWS\System32\Wbem;C:\WINDOWS\System32\WindowsPowerShell\v1.0;C:\WINDOWS\System32\OpenSSH;C:\Program Files\Pandoc;C:\Program Files\MiKTeX\miktex\bin\x64;C:\Program Files (x86)\python\Scripts;C:\Program Files (x86)\python;C:\Users\yuchu\AppData\Local\Microsoft\WindowsApps;C:\Users\yuchu\AppData\Roaming\npm;C:\Program Files\Microsoft VS Code\bin;C:\Program Files\JetBrains\WebStorm 2019.3\bin;C:\Program Files\JetBrains\IntelliJ IDEA 2019.3\bin;C:\Program Files\Fiddler;C:\Program Files\JetBrains\PyCharm 2019.3.4\bin;C:\Users\yuchu\AppData\Local\Microsoft\WindowsApps

Yarn version: 
  1.21.1

Node version: 
  12.13.0

Platform: 
  win32 x64

Trace: 
  Error: https://registry.npm.taobao.org/pupeteer: Not found
      at Request.params.callback [as _callback] (C:\Users\yuchu\AppData\Roaming\npm\node_modules\yarn\lib\cli.js:66947:18)
      at Request.self.callback (C:\Users\yuchu\AppData\Roaming\npm\node_modules\yarn\lib\cli.js:140665:22)
      at Request.emit (events.js:210:5)
      at Request.<anonymous> (C:\Users\yuchu\AppData\Roaming\npm\node_modules\yarn\lib\cli.js:141637:10)
      at Request.emit (events.js:210:5)
      at IncomingMessage.<anonymous> (C:\Users\yuchu\AppData\Roaming\npm\node_modules\yarn\lib\cli.js:141559:12)
      at Object.onceWrapper (events.js:299:28)
      at IncomingMessage.emit (events.js:215:7)
      at endReadableNT (_stream_readable.js:1183:12)
      at processTicksAndRejections (internal/process/task_queues.js:80:21)

npm manifest: 
  {
    "name": "badminton_book",
    "version": "1.0.0",
    "main": "index.js",
    "license": "MIT"
  }

yarn manifest: 
  No manifest

Lockfile: 
  No lockfile
